<?xml version="1.0" encoding="UTF-8"?>
<!-- Generated by org.testng.reporters.JUnitXMLReporter -->
<testsuite ignored="0" hostname="SANJAY-PC" failures="0" tests="4" name="Surefire test" time="4.932" errors="0" timestamp="2024-12-25T09:52:05 IST">
  <testcase classname="tests.ApiTest" name="testCreateIssue" time="2.663"/>
  <testcase classname="tests.ApiTest" name="testRetrieveIssue" time="0.528"/>
  <testcase classname="tests.ApiTest" name="testUpdateIssue" time="0.791"/>
  <testcase classname="tests.ApiTest" name="testDeleteIssue" time="0.908"/>
</testsuite> <!-- Surefire test -->
