<?xml version="1.0" encoding="UTF-8"?>
<!-- Generated by org.testng.reporters.JUnitXMLReporter -->
<testsuite ignored="0" hostname="SANJAY-PC" failures="0" tests="4" name="Default test" time="5.452" errors="0" timestamp="2024-12-25T14:20:37 IST">
  <testcase classname="tests.ApiTest" name="testCreateIssue" time="2.703"/>
  <testcase classname="tests.ApiTest" name="testRetrieveIssue" time="1.005"/>
  <testcase classname="tests.ApiTest" name="testUpdateIssue" time="0.899"/>
  <testcase classname="tests.ApiTest" name="testDeleteIssue" time="0.818"/>
</testsuite> <!-- Default test -->
