<?xml version="1.0" encoding="UTF-8"?>
<testng-results ignored="0" total="4" passed="4" failed="0" skipped="0">
  <reporter-output>
  </reporter-output>
  <suite started-at="2024-12-25T14:20:32 IST" name="Default suite" finished-at="2024-12-25T14:20:37 IST" duration-ms="5452">
    <groups>
    </groups>
    <test started-at="2024-12-25T14:20:32 IST" name="Default test" finished-at="2024-12-25T14:20:37 IST" duration-ms="5452">
      <class name="tests.ApiTest">
        <test-method is-config="true" signature="setupReporting()[pri:0, instance:tests.ApiTest@942a29c]" started-at="2024-12-25T14:20:31 IST" name="setupReporting" finished-at="2024-12-25T14:20:32 IST" duration-ms="175" status="PASS">
          <reporter-output>
          </reporter-output>
        </test-method> <!-- setupReporting -->
        <test-method signature="testCreateIssue()[pri:0, instance:tests.ApiTest@942a29c]" started-at="2024-12-25T14:20:32 IST" name="testCreateIssue" finished-at="2024-12-25T14:20:34 IST" duration-ms="2703" status="PASS">
          <reporter-output>
          </reporter-output>
        </test-method> <!-- testCreateIssue -->
        <test-method is-config="true" signature="captureFailure(org.testng.ITestResult)[pri:0, instance:tests.ApiTest@942a29c]" started-at="2024-12-25T14:20:34 IST" name="captureFailure" finished-at="2024-12-25T14:20:34 IST" duration-ms="2" status="PASS">
          <params>
            <param index="0">
              <value>
                <![CDATA[[TestResult name=testCreateIssue status=SUCCESS method=ApiTest.testCreateIssue()[pri:0, instance:tests.ApiTest@942a29c] output={null}]]]>
              </value>
            </param>
          </params>
          <reporter-output>
          </reporter-output>
        </test-method> <!-- captureFailure -->
        <test-method signature="testRetrieveIssue()[pri:2, instance:tests.ApiTest@942a29c]" started-at="2024-12-25T14:20:34 IST" name="testRetrieveIssue" finished-at="2024-12-25T14:20:35 IST" depends-on-methods="tests.ApiTest.testCreateIssue" duration-ms="1005" status="PASS">
          <reporter-output>
          </reporter-output>
        </test-method> <!-- testRetrieveIssue -->
        <test-method is-config="true" signature="captureFailure(org.testng.ITestResult)[pri:0, instance:tests.ApiTest@942a29c]" started-at="2024-12-25T14:20:35 IST" name="captureFailure" finished-at="2024-12-25T14:20:35 IST" duration-ms="0" status="PASS">
          <params>
            <param index="0">
              <value>
                <![CDATA[[TestResult name=testRetrieveIssue status=SUCCESS method=ApiTest.testRetrieveIssue()[pri:2, instance:tests.ApiTest@942a29c] output={null}]]]>
              </value>
            </param>
          </params>
          <reporter-output>
          </reporter-output>
        </test-method> <!-- captureFailure -->
        <test-method signature="testUpdateIssue()[pri:3, instance:tests.ApiTest@942a29c]" started-at="2024-12-25T14:20:35 IST" name="testUpdateIssue" finished-at="2024-12-25T14:20:36 IST" depends-on-methods="tests.ApiTest.testRetrieveIssue" duration-ms="899" status="PASS">
          <reporter-output>
          </reporter-output>
        </test-method> <!-- testUpdateIssue -->
        <test-method signature="testDeleteIssue()[pri:4, instance:tests.ApiTest@942a29c]" started-at="2024-12-25T14:20:36 IST" name="testDeleteIssue" finished-at="2024-12-25T14:20:37 IST" depends-on-methods="tests.ApiTest.testUpdateIssue" duration-ms="818" status="PASS">
          <reporter-output>
          </reporter-output>
        </test-method> <!-- testDeleteIssue -->
        <test-method is-config="true" signature="captureFailure(org.testng.ITestResult)[pri:0, instance:tests.ApiTest@942a29c]" started-at="2024-12-25T14:20:36 IST" name="captureFailure" finished-at="2024-12-25T14:20:36 IST" duration-ms="0" status="PASS">
          <params>
            <param index="0">
              <value>
                <![CDATA[[TestResult name=testUpdateIssue status=SUCCESS method=ApiTest.testUpdateIssue()[pri:3, instance:tests.ApiTest@942a29c] output={null}]]]>
              </value>
            </param>
          </params>
          <reporter-output>
          </reporter-output>
        </test-method> <!-- captureFailure -->
        <test-method is-config="true" signature="captureFailure(org.testng.ITestResult)[pri:0, instance:tests.ApiTest@942a29c]" started-at="2024-12-25T14:20:37 IST" name="captureFailure" finished-at="2024-12-25T14:20:37 IST" duration-ms="1" status="PASS">
          <params>
            <param index="0">
              <value>
                <![CDATA[[TestResult name=testDeleteIssue status=SUCCESS method=ApiTest.testDeleteIssue()[pri:4, instance:tests.ApiTest@942a29c] output={null}]]]>
              </value>
            </param>
          </params>
          <reporter-output>
          </reporter-output>
        </test-method> <!-- captureFailure -->
        <test-method is-config="true" signature="teardownReporting()[pri:0, instance:tests.ApiTest@942a29c]" started-at="2024-12-25T14:20:37 IST" name="teardownReporting" finished-at="2024-12-25T14:20:37 IST" duration-ms="217" status="PASS">
          <reporter-output>
          </reporter-output>
        </test-method> <!-- teardownReporting -->
      </class> <!-- tests.ApiTest -->
    </test> <!-- Default test -->
  </suite> <!-- Default suite -->
</testng-results>
